<?xml version="1.0" encoding="UTF-8"?>
<!-- Generated by org.testng.reporters.JUnitXMLReporter -->
<testsuite ignored="0" hostname="LTIN279524" failures="0" tests="8" name="Test" time="405.518" errors="0" timestamp="2024-02-28T12:35:34 IST">
  <testcase classname="TestCases.Tc001_EmiCalculator" name="inputCalculator" time="7.895"/>
  <testcase classname="TestCases.Tc001_EmiCalculator" name="printCarEmiData" time="11.943"/>
  <testcase classname="TestCases.Tc001_EmiCalculator" name="homeLoanCalculator" time="31.365"/>
  <testcase classname="TestCases.Tc001_EmiCalculator" name="printHomeEmiData" time="8.056"/>
  <testcase classname="TestCases.Tc001_EmiCalculator" name="loanCalculator" time="88.97"/>
  <testcase classname="TestCases.Tc001_EmiCalculator" name="loanEmiCalcUICheck" time="61.858"/>
  <testcase classname="TestCases.Tc001_EmiCalculator" name="loanAmountCalcUICheck" time="52.268"/>
  <testcase classname="TestCases.Tc001_EmiCalculator" name="loanTenureCalcUICheck" time="51.01"/>
</testsuite> <!-- Test -->
