<?xml version="1.0" encoding="UTF-8"?>
<testng-results ignored="0" total="8" passed="8" failed="0" skipped="0">
  <reporter-output>
  </reporter-output>
  <suite started-at="2024-02-28T12:28:48 IST" name="Suite" finished-at="2024-02-28T12:35:34 IST" duration-ms="405518">
    <groups>
    </groups>
    <test started-at="2024-02-28T12:28:48 IST" name="Test" finished-at="2024-02-28T12:35:34 IST" duration-ms="405518">
      <class name="TestCases.Tc001_EmiCalculator">
        <test-method is-config="true" signature="setUp(java.lang.String)[pri:0, instance:TestCases.Tc001_EmiCalculator@55a147cc]" started-at="2024-02-28T12:28:49 IST" name="setUp" finished-at="2024-02-28T12:30:17 IST" duration-ms="87789" status="PASS">
          <params>
            <param index="0">
              <value>
                <![CDATA[Chrome]]>
              </value>
            </param>
          </params>
          <reporter-output>
          </reporter-output>
        </test-method> <!-- setUp -->
        <test-method signature="inputCalculator()[pri:1, instance:TestCases.Tc001_EmiCalculator@55a147cc]" started-at="2024-02-28T12:30:17 IST" name="inputCalculator" finished-at="2024-02-28T12:30:25 IST" duration-ms="7895" status="PASS">
          <reporter-output>
          </reporter-output>
        </test-method> <!-- inputCalculator -->
        <test-method signature="printCarEmiData()[pri:2, instance:TestCases.Tc001_EmiCalculator@55a147cc]" started-at="2024-02-28T12:30:25 IST" name="printCarEmiData" finished-at="2024-02-28T12:30:37 IST" duration-ms="11943" status="PASS">
          <reporter-output>
          </reporter-output>
        </test-method> <!-- printCarEmiData -->
        <test-method signature="homeLoanCalculator()[pri:3, instance:TestCases.Tc001_EmiCalculator@55a147cc]" started-at="2024-02-28T12:30:38 IST" name="homeLoanCalculator" finished-at="2024-02-28T12:31:09 IST" duration-ms="31365" status="PASS">
          <reporter-output>
          </reporter-output>
        </test-method> <!-- homeLoanCalculator -->
        <test-method signature="printHomeEmiData()[pri:4, instance:TestCases.Tc001_EmiCalculator@55a147cc]" started-at="2024-02-28T12:31:09 IST" name="printHomeEmiData" finished-at="2024-02-28T12:31:17 IST" duration-ms="8056" status="PASS">
          <reporter-output>
          </reporter-output>
        </test-method> <!-- printHomeEmiData -->
        <test-method signature="loanCalculator()[pri:5, instance:TestCases.Tc001_EmiCalculator@55a147cc]" started-at="2024-02-28T12:31:18 IST" name="loanCalculator" finished-at="2024-02-28T12:32:47 IST" duration-ms="88970" status="PASS">
          <reporter-output>
          </reporter-output>
        </test-method> <!-- loanCalculator -->
        <test-method signature="loanEmiCalcUICheck()[pri:6, instance:TestCases.Tc001_EmiCalculator@55a147cc]" started-at="2024-02-28T12:32:47 IST" name="loanEmiCalcUICheck" finished-at="2024-02-28T12:33:49 IST" duration-ms="61858" status="PASS">
          <reporter-output>
          </reporter-output>
        </test-method> <!-- loanEmiCalcUICheck -->
        <test-method signature="loanAmountCalcUICheck()[pri:7, instance:TestCases.Tc001_EmiCalculator@55a147cc]" started-at="2024-02-28T12:33:49 IST" name="loanAmountCalcUICheck" finished-at="2024-02-28T12:34:41 IST" duration-ms="52268" status="PASS">
          <reporter-output>
          </reporter-output>
        </test-method> <!-- loanAmountCalcUICheck -->
        <test-method signature="loanTenureCalcUICheck()[pri:8, instance:TestCases.Tc001_EmiCalculator@55a147cc]" started-at="2024-02-28T12:34:41 IST" name="loanTenureCalcUICheck" finished-at="2024-02-28T12:35:32 IST" duration-ms="51010" status="PASS">
          <reporter-output>
          </reporter-output>
        </test-method> <!-- loanTenureCalcUICheck -->
        <test-method is-config="true" signature="tearDown()[pri:0, instance:TestCases.Tc001_EmiCalculator@55a147cc]" started-at="2024-02-28T12:35:33 IST" name="tearDown" finished-at="2024-02-28T12:35:34 IST" duration-ms="1181" status="PASS">
          <reporter-output>
          </reporter-output>
        </test-method> <!-- tearDown -->
      </class> <!-- TestCases.Tc001_EmiCalculator -->
    </test> <!-- Test -->
  </suite> <!-- Suite -->
</testng-results>
